#
# A fatal error has been detected by the Java Runtime Environment:
#
#  EXCEPTION_ACCESS_VIOLATION (0xc0000005) at pc=0x0000000002450c0a, pid=4212, tid=1564
#
# JRE version: Java(TM) SE Runtime Environment (7.0_79-b15) (build 1.7.0_79-b15)
# Java VM: Java HotSpot(TM) 64-Bit Server VM (24.79-b02 mixed mode windows-amd64 compressed oops)
# Problematic frame:
# j  java.text.DateFormatSymbols.getShortMonths()[Ljava/lang/String;+0
#
# Failed to write core dump. Minidumps are not enabled by default on client versions of Windows
#
# If you would like to submit a bug report, please visit:
#   http://bugreport.java.com/bugreport/crash.jsp
#

---------------  T H R E A D  ---------------

Current thread (0x000000000e12d000):  JavaThread "Daemon worker Thread 2" [_thread_in_Java, id=1564, stack(0x000000000ced0000,0x000000000cfd0000)]

siginfo: ExceptionCode=0xc0000005, reading address 0x00000000e640e3a4

Registers:
RAX=0x00000000c140e388, RBX=0x000000002500001c, RCX=0x00000000b0611bf8, RDX=0x0000000000000018
RSP=0x000000000cfcd770, RBP=0x000000000cfcd7b0, RSI=0x00000000c1410bb0, RDI=0x0000000000000010
R8 =0x0000000000000000, R9 =0x00000000c0027870, R10=0x000000006b0518e0, R11=0x000000000e12d005
R12=0x0000000000000000, R13=0x00000000b0610231, R14=0x000000000cfcd7c0, R15=0x000000000e12d000
RIP=0x0000000002450c0a, EFLAGS=0x0000000000010202

Top of Stack: (sp=0x000000000cfcd770)
0x000000000cfcd770:   000000000cfcd770 00000000b0610230
0x000000000cfcd780:   000000000cfcd7c0 00000000b0611bf8
0x000000000cfcd790:   0000000000000000 00000000b0610248
0x000000000cfcd7a0:   0000000000000000 000000000cfcd7c0
0x000000000cfcd7b0:   000000000cfcd808 00000000024362d3
0x000000000cfcd7c0:   00000000c140e388 000000000cfcd7c8
0x000000000cfcd7d0:   00000000b05826fe 000000000cfcd888
0x000000000cfcd7e0:   00000000b0594638 0000000000000000
0x000000000cfcd7f0:   00000000b0582a18 000000000cfcd7c0
0x000000000cfcd800:   000000000cfcd860 000000000cfcd8d0
0x000000000cfcd810:   00000000024360f8 0000000000000000
0x000000000cfcd820:   0000000000000000 0000000000000000
0x000000000cfcd830:   0000000000000001 0000000000000007
0x000000000cfcd840:   0000000000000002 0000000000000008
0x000000000cfcd850:   0000000000000000 000000007fffffff
0x000000000cfcd860:   0000000000000001 00000000ebb8bdf8 

Instructions: (pc=0x0000000002450c0a)
0x0000000002450bea:   e9 01 00 00 00 50 49 8b 06 41 0f b7 55 02 48 8b
0x0000000002450bfa:   4d d8 c1 e2 02 48 8b 5c d1 30 49 ff c5 48 3b 00
0x0000000002450c0a:   8b 04 18 49 ff cd 41 0f b6 5d 04 49 83 c5 04 49
0x0000000002450c1a:   ba e0 10 05 6b 00 00 00 00 41 ff 24 da 90 00 00 


Register to memory mapping:

RAX=0x00000000c140e388 is an oop
java.text.DateFormatSymbols 
 - klass: 'java/text/DateFormatSymbols'
RBX=0x000000002500001c is an unknown value
RCX=0x00000000b0611bf8 is an oop
{constant pool cache} 
 - klass: {other class}
                 -------------
  0  (0x00000000b0611c18)  [b5|b4|  289]
                 [   0x00000000c140e198]
                 [   0x000000000000000c]
                 [   0x0000000034000024]
                 -------------
  1  (0x00000000b0611c38)  [b5|b4|  290]
                 [   0x00000000c140e198]
                 [   0x0000000000000010]
                 [   0x0000000004000007]
                 -------------
  2  (0x00000000b0611c58)  [b5|b4|  291]
                 [   0x00000000c140e198]
                 [   0x0000000000000030]
                 [   0x000000007400001f]
                 -------------
  3  (0x00000000b0611c78)  [b5|b4|  292]
                 [   0x00000000c140e198]
                 [   0x0000000000000028]
                 [   0x0000000074000005]
                 -------------
  4  (0x00000000b0611c98)  [b5|b4|  293]
                 [   0x00000000c140e198]
                 [   0x0000000000000014]
                 [   0x0000000074000000]
                 -------------
  5  (0x00000000b0611cb8)  [b5|b4|  294]
                 [   0x000000000040e198]
                 [   0x0000000009000018]
                 [   0x0000000019000001]
                 -------------
  6  (0x00000000b0611cd8)  [09|b4|  295]
                 [   0x000000000040e198]
                 [   0x000000002500001c]
                 [   0x0000000009000002]
                 -------------
  7  (0x00000000b0611cf8)  [1c|b4|  296]
                 [   0x00000000c140e198]
                 [   0x0000000000000024]
                 [   0x0000000074000004]
                 -------------
  8  (0x00000000b0611d18)  [b5|b4|  297]
                 [   0x00000000c140e198]
                 [   0x0000000000000020]
                 [   0x0000000074000003]
                 -------------
  9  (0x00000000b0611d38)  [b5|b4|  298]
                 [   0x00000000c140e198]
                 [   0x000000000000002c]
                 [   0x0000000074000006]
                 -------------
 10  (0x00000000b0611d58)  [b5|b4|  299]
                 [   0x00000000c140e198]
                 [   0x0000000000000034]
                 [   0x0000000074000020]
                 -------------
 11  (0x00000000b0611d78)  [00|b2|  300]
                 [   0x00000000c140e198]
                 [   0x000000000000005c]
                 [   0x0000000074400023]
                 -------------
 12  (0x00000000b0611d98)  [00|00|  301]
                 [   0x0000000000000000]
                 [   0x0000000000000000]
                 [   0x0000000000000000]
                 -------------
 13  (0x00000000b0611db8)  [00|00|  302]
                 [   0x0000000000000000]
                 [   0x0000000000000000]
                 [   0x0000000000000000]
                 -------------
 14  (0x00000000b0611dd8)  [00|00|  303]
                 [   0x0000000000000000]
                 [   0x0000000000000000]
                 [   0x0000000000000000]
                 -------------
 15  (0x00000000b0611df8)  [00|00|  304]
                 [   0x0000000000000000]
                 [   0x0000000000000000]
                 [   0x0000000000000000]
                 -------------
 16  (0x00000000b0611e18)  [00|00|  305]
                 [   0x0000000000000000]
                 [   0x0000000000000000]
                 [   0x0000000000000000]
                 -------------
 17  (0x00000000b0611e38)  [00|b7|  306]
                 [   0x00000000b0002030]
                 [   0x0000000000000000]
                 [   0xffffffff80000001]
                 -------------
 18  (0x00000000b0611e58)  [00|00|  307]
                 [   0x0000000000000000]
                 [   0x0000000000000000]
                 [   0x0000000000000000]
                 -------------
 19  (0x00000000b0611e78)  [00|00|  308]
                 [   0x0000000000000000]
                 [   0x0000000000000000]
                 [   0x0000000000000000]
                 -------------
 20  (0x00000000b0611e98)  [00|00|  309]
                 [   0x0000000000000000]
                 [   0x0000000000000000]
                 [   0x0000000000000000]
                 -------------
 21  (0x00000000b0611eb8)  [00|00|  310]
                 [   0x0000000000000000]
                 [   0x0000000000000000]
                 [   0x0000000000000000]
                 -------------
 22  (0x00000000b0611ed8)  [00|00|  311]
                 [   0x0000000000000000]
                 [   0x0000000000000000]
                 [   0x0000000000000000]
                 -------------
 23  (0x00000000b0611ef8)  [b6|00|  312]
                 [   0x0000000000000000]
                 [   0x0000000000000005]
                 [   0x0000000070000001]
                 -------------
 24  (0x00000000b0611f18)  [00|b7|  313]
                 [   0x00000000b002e280]
                 [   0x0000000000000000]
                 [   0xffffffff80000002]
                 -------------
 25  (0x00000000b0611f38)  [00|00|  314]
                 [   0x0000000000000000]
                 [   0x0000000000000000]
                 [   0x0000000000000000]
                 -------------
 26  (0x00000000b0611f58)  [00|00|  315]
                 [   0x0000000000000000]
                 [   0x0000000000000000]
                 [   0x0000000000000000]
                 -------------
 27  (0x00000000b0611f78)  [00|00|  316]
                 [   0x0000000000000000]
                 [   0x0000000000000000]
                 [   0x0000000000000000]
                 -------------
 28  (0x00000000b0611f98)  [00|00|  317]
                 [   0x0000000000000000]
                 [   0x0000000000000000]
                 [   0x0000000000000000]
                 -------------
 29  (0x00000000b0611fb8)  [00|00|  318]
                 [   0x0000000000000000]
                 [   0x0000000000000000]
                 [   0x0000000000000000]
                 -------------
 30  (0x00000000b0611fd8)  [00|b7|  319]
                 [   0x00000000b060f888]
                 [   0x0000000000000000]
                 [   0xffffffff80000002]
                 -------------
 31  (0x00000000b0611ff8)  [00|b7|  320]
                 [   0x00000000b0611068]
                 [   0x0000000000000000]
                 [   0xffffffff80000002]
                 -------------
 32  (0x00000000b0612018)  [00|b8|  321]
                 [   0x00000000b0611160]
                 [   0x0000000000000000]
                 [   0x0000000070000001]
                 -------------
 33  (0x00000000b0612038)  [00|00|  322]
                 [   0x0000000000000000]
                 [   0x0000000000000000]
                 [   0x0000000000000000]
                 -------------
 34  (0x00000000b0612058)  [00|b8|  323]
                 [   0x00000000b060fe10]
                 [   0x0000000000000000]
                 [   0x0000000070000001]
                 -------------
 35  (0x00000000b0612078)  [00|00|  324]
                 [   0x0000000000000000]
                 [   0x0000000000000000]
                 [   0x0000000000000000]
                 -------------
 36  (0x00000000b0612098)  [00|b8|  325]
                 [   0x00000000b060fcd8]
                 [   0x0000000000000000]
                 [   0x0000000070000001]
                 -------------
 37  (0x00000000b06120b8)  [00|00|  326]
                 [   0x0000000000000000]
                 [   0x0000000000000000]
                 [   0x0000000000000000]
                 -------------
 38  (0x00000000b06120d8)  [00|b8|  327]
                 [   0x00000000b0137588]
                 [   0x0000000000000000]
                 [   0x0000000070000002]
                 -------------
 39  (0x00000000b06120f8)  [00|00|  328]
                 [   0x0000000000000000]
                 [   0x0000000000000000]
                 [   0x0000000000000000]
                 -------------
 40  (0x00000000b0612118)  [00|00|  329]
                 [   0x0000000000000000]
                 [   0x0000000000000000]
                 [   0x0000000000000000]
                 -------------
 41  (0x00000000b0612138)  [00|00|  330]
                 [   0x0000000000000000]
                 [   0x0000000000000000]
                 [   0x0000000000000000]
                 -------------
 42  (0x00000000b0612158)  [b6|00|  331]
                 [   0x0000000000000000]
                 [   0x00000000b05fc650]
                 [   0x0000000070500002]
                 -------------
 43  (0x00000000b0612178)  [b6|00|  332]
                 [   0x0000000000000000]
                 [   0x00000000b05fc728]
                 [   0x0000000070500002]
                 -------------
 44  (0x00000000b0612198)  [00|b7|  333]
                 [   0x00000000b0144da0]
                 [   0x0000000000000000]
                 [   0xffffffff80000002]
                 -------------
 45  (0x00000000b06121b8)  [b6|00|  334]
                 [   0x0000000000000000]
                 [   0x00000000b0614040]
                 [   0x0000000000500001]
                 -------------
 46  (0x00000000b06121d8)  [00|00|  335]
                 [   0x0000000000000000]
                 [   0x0000000000000000]
                 [   0x0000000000000000]
                 -------------
 47  (0x00000000b06121f8)  [00|b8|  336]
                 [   0x00000000b0613a48]
                 [   0x0000000000000000]
                 [   0x0000000070400001]
                 -------------
 48  (0x00000000b0612218)  [00|00|  337]
                 [   0x0000000000000000]
                 [   0x0000000000000000]
                 [   0x0000000000000000]
                 -------------
 49  (0x00000000b0612238)  [00|00|  338]
                 [   0x0000000000000000]
                 [   0x0000000000000000]
                 [   0x0000000000000000]
                 -------------
 50  (0x00000000b0612258)  [00|b8|  339]
                 [   0x00000000b05f57c8]
                 [   0x0000000000000000]
                 [   0x0000000070000001]
                 -------------
 51  (0x00000000b0612278)  [00|b9|  340]
                 [   0x00000000b003fdb0]
                 [   0x0000000000000001]
                 [   0x0000000070000002]
                 -------------
 52  (0x00000000b0612298)  [00|00|  341]
                 [   0x0000000000000000]
                 [   0x0000000000000000]
                 [   0x0000000000000000]
                 -------------
 53  (0x00000000b06122b8)  [00|b9|  342]
                 [   0x00000000b0143e68]
                 [   0x0000000000000003]
                 [   0x0000000070000003]
                 -------------
RDX=0x0000000000000018 is an unknown value
RSP=0x000000000cfcd770 is pointing into the stack for thread: 0x000000000e12d000
RBP=0x000000000cfcd7b0 is pointing into the stack for thread: 0x000000000e12d000
RSI=0x00000000c1410bb0 is an oop
[C 
 - klass: {type array char}
 - length: 3
RDI=0x0000000000000010 is an unknown value
R8 =0x0000000000000000 is an unknown value
R9 =0x00000000c0027870 is an oop
java.lang.Class 
 - klass: 'java/lang/Class'
R10=0x000000006b0518e0 is an unknown value
R11=0x000000000e12d005 is an unknown value
R12=0x0000000000000000 is an unknown value
R13=0x00000000b0610231 is pointing into object: 0x00000000b06101f0
{constMethod} 
 - klass: {other class}
 - constants:       0x00000000b060e790 constant pool [347] for 'java/text/DateFormatSymbols' cache=0x00000000b0611bf8
bci_from(00000000B0610231) = 1; print_codes():
R14=0x000000000cfcd7c0 is pointing into the stack for thread: 0x000000000e12d000
R15=0x000000000e12d000 is a thread


Stack: [0x000000000ced0000,0x000000000cfd0000],  sp=0x000000000cfcd770,  free space=1013k
Native frames: (J=compiled Java code, j=interpreted, Vv=VM code, C=native code)
j  java.text.DateFormatSymbols.getShortMonths()[Ljava/lang/String;+0
j  java.text.SimpleDateFormat.subFormat(IILjava/text/Format$FieldDelegate;Ljava/lang/StringBuffer;Z)V+406
j  java.text.SimpleDateFormat.format(Ljava/util/Date;Ljava/lang/StringBuffer;Ljava/text/Format$FieldDelegate;)Ljava/lang/StringBuffer;+163
j  java.text.SimpleDateFormat.format(Ljava/util/Date;Ljava/lang/StringBuffer;Ljava/text/FieldPosition;)Ljava/lang/StringBuffer;+17
j  java.text.DateFormat.format(Ljava/util/Date;)Ljava/lang/String;+12
j  sun.net.www.protocol.file.FileURLConnection.initializeHeaders()V+170
j  sun.net.www.protocol.file.FileURLConnection.getHeaderField(Ljava/lang/String;)Ljava/lang/String;+1
j  sun.net.www.URLConnection.getContentType()Ljava/lang/String;+11
j  org.gradle.internal.resource.UriResource.getInputStream(Ljava/net/URI;)Ljava/io/Reader;+22
j  org.gradle.internal.resource.UriResource.getText()Ljava/lang/String;+50
j  org.gradle.internal.resource.CachingResource.maybeFetch()V+12
j  org.gradle.internal.resource.CachingResource.getText()Ljava/lang/String;+1
j  org.gradle.groovy.scripts.internal.ShortCircuitEmptyScriptCompiler.compile(Lorg/gradle/groovy/scripts/ScriptSource;Ljava/lang/ClassLoader;Lorg/gradle/api/internal/initialization/loadercache/ClassLoaderId;Lorg/gradle/groovy/scripts/internal/CompileOperation;Ljava/lang/Class;Lorg/gradle/api/Action;)Lorg/gradle/groovy/scripts/internal/CompiledScript;+6
j  org.gradle.groovy.scripts.internal.CachingScriptClassCompiler.compile(Lorg/gradle/groovy/scripts/ScriptSource;Ljava/lang/ClassLoader;Lorg/gradle/api/internal/initialization/loadercache/ClassLoaderId;Lorg/gradle/groovy/scripts/internal/CompileOperation;Ljava/lang/Class;Lorg/gradle/api/Action;)Lorg/gradle/groovy/scripts/internal/CompiledScript;+60
j  org.gradle.groovy.scripts.DefaultScriptCompilerFactory$ScriptCompilerImpl.compile(Ljava/lang/Class;Lorg/gradle/groovy/scripts/internal/CompileOperation;Ljava/lang/ClassLoader;Lorg/gradle/api/Action;)Lorg/gradle/groovy/scripts/ScriptRunner;+38
j  org.gradle.configuration.DefaultScriptPluginFactory$ScriptPluginImpl.apply(Ljava/lang/Object;)V+282
j  org.gradle.configuration.DefaultInitScriptProcessor.process(Lorg/gradle/groovy/scripts/ScriptSource;Lorg/gradle/api/internal/GradleInternal;)V+113
j  org.gradle.initialization.InitScriptHandler$1.run()V+50
j  org.gradle.internal.Factories$1.create()Ljava/lang/Object;+4
j  org.gradle.internal.progress.DefaultBuildOperationExecutor.run(Lorg/gradle/internal/progress/BuildOperationDetails;Lorg/gradle/internal/Factory;)Ljava/lang/Object;+171
j  org.gradle.internal.progress.DefaultBuildOperationExecutor.run(Lorg/gradle/internal/progress/BuildOperationDetails;Ljava/lang/Runnable;)V+6
j  org.gradle.initialization.InitScriptHandler.executeScripts(Lorg/gradle/api/internal/GradleInternal;)V+49
j  org.gradle.initialization.DefaultGradleLauncher.doBuildStages(Lorg/gradle/initialization/DefaultGradleLauncher$Stage;)V+8
j  org.gradle.initialization.DefaultGradleLauncher.access$200(Lorg/gradle/initialization/DefaultGradleLauncher;Lorg/gradle/initialization/DefaultGradleLauncher$Stage;)V+2
j  org.gradle.initialization.DefaultGradleLauncher$1.create()Lorg/gradle/BuildResult;+29
j  org.gradle.initialization.DefaultGradleLauncher$1.create()Ljava/lang/Object;+1
j  org.gradle.internal.progress.DefaultBuildOperationExecutor.run(Lorg/gradle/internal/progress/BuildOperationDetails;Lorg/gradle/internal/Factory;)Ljava/lang/Object;+171
j  org.gradle.internal.progress.DefaultBuildOperationExecutor.run(Ljava/lang/String;Lorg/gradle/internal/Factory;)Ljava/lang/Object;+9
j  org.gradle.initialization.DefaultGradleLauncher.doBuild(Lorg/gradle/initialization/DefaultGradleLauncher$Stage;)Lorg/gradle/BuildResult;+25
j  org.gradle.initialization.DefaultGradleLauncher.run()Lorg/gradle/BuildResult;+4
j  org.gradle.launcher.exec.InProcessBuildActionExecuter$DefaultBuildController.run()Lorg/gradle/api/internal/GradleInternal;+4
j  org.gradle.tooling.internal.provider.runner.BuildModelActionRunner.run(Lorg/gradle/internal/invocation/BuildAction;Lorg/gradle/internal/invocation/BuildController;)V+29
j  org.gradle.launcher.exec.ChainingBuildActionRunner.run(Lorg/gradle/internal/invocation/BuildAction;Lorg/gradle/internal/invocation/BuildController;)V+34
j  org.gradle.tooling.internal.provider.runner.SubscribableBuildActionRunner.run(Lorg/gradle/internal/invocation/BuildAction;Lorg/gradle/internal/invocation/BuildController;)V+37
j  org.gradle.launcher.exec.ChainingBuildActionRunner.run(Lorg/gradle/internal/invocation/BuildAction;Lorg/gradle/internal/invocation/BuildController;)V+34
j  org.gradle.launcher.exec.InProcessBuildActionExecuter.execute(Lorg/gradle/internal/invocation/BuildAction;Lorg/gradle/initialization/BuildRequestContext;Lorg/gradle/launcher/exec/BuildActionParameters;Lorg/gradle/internal/service/ServiceRegistry;)Ljava/lang/Object;+63
j  org.gradle.launcher.exec.InProcessBuildActionExecuter.execute(Lorg/gradle/internal/invocation/BuildAction;Lorg/gradle/initialization/BuildRequestContext;Ljava/lang/Object;Lorg/gradle/internal/service/ServiceRegistry;)Ljava/lang/Object;+9
j  org.gradle.launcher.exec.ContinuousBuildActionExecuter.execute(Lorg/gradle/internal/invocation/BuildAction;Lorg/gradle/initialization/BuildRequestContext;Lorg/gradle/launcher/exec/BuildActionParameters;Lorg/gradle/internal/service/ServiceRegistry;)Ljava/lang/Object;+70
j  org.gradle.launcher.exec.ContinuousBuildActionExecuter.execute(Lorg/gradle/internal/invocation/BuildAction;Lorg/gradle/initialization/BuildRequestContext;Ljava/lang/Object;Lorg/gradle/internal/service/ServiceRegistry;)Ljava/lang/Object;+9
j  org.gradle.launcher.daemon.server.exec.ExecuteBuild.doBuild(Lorg/gradle/launcher/daemon/server/api/DaemonCommandExecution;Lorg/gradle/launcher/daemon/protocol/Build;)V+74
j  org.gradle.launcher.daemon.server.exec.BuildCommandOnly.execute(Lorg/gradle/launcher/daemon/server/api/DaemonCommandExecution;)V+49
j  org.gradle.launcher.daemon.server.api.DaemonCommandExecution.proceed()Z+28
j  org.gradle.launcher.daemon.server.exec.WatchForDisconnection.execute(Lorg/gradle/launcher/daemon/server/api/DaemonCommandExecution;)V+19
j  org.gradle.launcher.daemon.server.api.DaemonCommandExecution.proceed()Z+28
j  org.gradle.launcher.daemon.server.exec.ResetDeprecationLogger.execute(Lorg/gradle/launcher/daemon/server/api/DaemonCommandExecution;)V+4
j  org.gradle.launcher.daemon.server.api.DaemonCommandExecution.proceed()Z+28
j  org.gradle.launcher.daemon.server.exec.RequestStopIfSingleUsedDaemon.execute(Lorg/gradle/launcher/daemon/server/api/DaemonCommandExecution;)V+31
j  org.gradle.launcher.daemon.server.api.DaemonCommandExecution.proceed()Z+28
j  org.gradle.launcher.daemon.server.exec.ForwardClientInput$2.call()Ljava/lang/Void;+4
j  org.gradle.launcher.daemon.server.exec.ForwardClientInput$2.call()Ljava/lang/Object;+1
j  org.gradle.util.Swapper.swap(Ljava/lang/Object;Ljava/util/concurrent/Callable;)Ljava/lang/Object;+21
j  org.gradle.launcher.daemon.server.exec.ForwardClientInput.execute(Lorg/gradle/launcher/daemon/server/api/DaemonCommandExecution;)V+63
j  org.gradle.launcher.daemon.server.api.DaemonCommandExecution.proceed()Z+28
j  org.gradle.launcher.daemon.server.health.DaemonHealthTracker.execute(Lorg/gradle/launcher/daemon/server/api/DaemonCommandExecution;)V+35
j  org.gradle.launcher.daemon.server.api.DaemonCommandExecution.proceed()Z+28
j  org.gradle.launcher.daemon.server.exec.LogToClient.doBuild(Lorg/gradle/launcher/daemon/server/api/DaemonCommandExecution;Lorg/gradle/launcher/daemon/protocol/Build;)V+97
j  org.gradle.launcher.daemon.server.exec.BuildCommandOnly.execute(Lorg/gradle/launcher/daemon/server/api/DaemonCommandExecution;)V+49
j  org.gradle.launcher.daemon.server.api.DaemonCommandExecution.proceed()Z+28
j  org.gradle.launcher.daemon.server.exec.EstablishBuildEnvironment.doBuild(Lorg/gradle/launcher/daemon/server/api/DaemonCommandExecution;Lorg/gradle/launcher/daemon/protocol/Build;)V+279
j  org.gradle.launcher.daemon.server.exec.BuildCommandOnly.execute(Lorg/gradle/launcher/daemon/server/api/DaemonCommandExecution;)V+49
j  org.gradle.launcher.daemon.server.api.DaemonCommandExecution.proceed()Z+28
j  org.gradle.launcher.daemon.server.health.HintGCAfterBuild.execute(Lorg/gradle/launcher/daemon/server/api/DaemonCommandExecution;)V+1
j  org.gradle.launcher.daemon.server.api.DaemonCommandExecution.proceed()Z+28
j  org.gradle.launcher.daemon.server.exec.StartBuildOrRespondWithBusy$1.run()V+44
j  org.gradle.launcher.daemon.server.DaemonStateCoordinator$1.run()V+4
j  org.gradle.internal.concurrent.ExecutorPolicy$CatchAndRecordFailures.onExecute(Ljava/lang/Runnable;)V+1
j  org.gradle.internal.concurrent.StoppableExecutorImpl$1.run()V+25
j  java.util.concurrent.ThreadPoolExecutor.runWorker(Ljava/util/concurrent/ThreadPoolExecutor$Worker;)V+95
j  java.util.concurrent.ThreadPoolExecutor$Worker.run()V+5
j  java.lang.Thread.run()V+11
v  ~StubRoutines::call_stub
V  [jvm.dll+0x1cf7f3]


---------------  P R O C E S S  ---------------

Java Threads: ( => current thread )
  0x000000000e12d800 JavaThread "Stdin handler" [_thread_blocked, id=4472, stack(0x000000000f410000,0x000000000f510000)]
=>0x000000000e12d000 JavaThread "Daemon worker Thread 2" [_thread_in_Java, id=1564, stack(0x000000000ced0000,0x000000000cfd0000)]
  0x000000000e12e800 JavaThread "Cancel handler" [_thread_blocked, id=4876, stack(0x000000000b4b0000,0x000000000b5b0000)]
  0x000000000e12c000 JavaThread "Handler for socket connection from /127.0.0.1:49548 to /127.0.0.1:53983" [_thread_in_native, id=2808, stack(0x000000000cb30000,0x000000000cc30000)]
  0x000000000e12b800 JavaThread "Daemon Thread 2" [_thread_blocked, id=3988, stack(0x000000000c940000,0x000000000ca40000)]
  0x000000000c0d2800 JavaThread "File lock request listener" [_thread_in_native, id=724, stack(0x000000000d0c0000,0x000000000d1c0000)]
  0x000000000aeae800 JavaThread "Incoming local TCP Connector on port 49548" [_thread_in_native, id=4748, stack(0x000000000c790000,0x000000000c890000)]
  0x0000000008aba000 JavaThread "Service Thread" daemon [_thread_blocked, id=4928, stack(0x000000000a470000,0x000000000a570000)]
  0x0000000008ab9000 JavaThread "C2 CompilerThread1" daemon [_thread_blocked, id=4864, stack(0x000000000a340000,0x000000000a440000)]
  0x0000000008ab6800 JavaThread "C2 CompilerThread0" daemon [_thread_blocked, id=4016, stack(0x0000000009f80000,0x000000000a080000)]
  0x0000000008ab3800 JavaThread "Attach Listener" daemon [_thread_blocked, id=2748, stack(0x000000000a0c0000,0x000000000a1c0000)]
  0x0000000008aae800 JavaThread "Signal Dispatcher" daemon [_thread_blocked, id=2892, stack(0x0000000009be0000,0x0000000009ce0000)]
  0x0000000008a57800 JavaThread "Finalizer" daemon [_thread_blocked, id=3256, stack(0x0000000009e40000,0x0000000009f40000)]
  0x0000000008a50000 JavaThread "Reference Handler" daemon [_thread_blocked, id=3272, stack(0x0000000009cf0000,0x0000000009df0000)]
  0x000000000026d800 JavaThread "main" [_thread_blocked, id=4308, stack(0x0000000002330000,0x0000000002430000)]

Other Threads:
  0x0000000008a4a800 VMThread [stack: 0x0000000009ac0000,0x0000000009bc0000] [id=3264]
  0x0000000008abc800 WatcherThread [stack: 0x000000000a240000,0x000000000a340000] [id=4868]

VM state:not at safepoint (normal execution)

VM Mutex/Monitor currently owned by a thread: None

Heap
 PSYoungGen      total 280576K, used 22285K [0x00000000eaa80000, 0x00000000fe880000, 0x0000000100000000)
  eden space 256512K, 8% used [0x00000000eaa80000,0x00000000ec043608,0x00000000fa500000)
  from space 24064K, 0% used [0x00000000fa500000,0x00000000fa500000,0x00000000fbc80000)
  to   space 31744K, 0% used [0x00000000fc980000,0x00000000fc980000,0x00000000fe880000)
 ParOldGen       total 84992K, used 48013K [0x00000000c0000000, 0x00000000c5300000, 0x00000000eaa80000)
  object space 84992K, 56% used [0x00000000c0000000,0x00000000c2ee3578,0x00000000c5300000)
 PSPermGen       total 97792K, used 48819K [0x00000000b0000000, 0x00000000b5f80000, 0x00000000c0000000)
  object space 97792K, 49% used [0x00000000b0000000,0x00000000b2facd60,0x00000000b5f80000)

Card table byte_map: [0x0000000005430000,0x00000000056c0000] byte_map_base: 0x0000000004eb0000

Polling page: 0x0000000000230000

Code Cache  [0x0000000002430000, 0x0000000002940000, 0x0000000005430000)
 total_blobs=1947 nmethods=1296 adapters=603 free_code_cache=44076Kb largest_free_block=45041664

Compilation events (10 events):
Event: 33.864 Thread 0x0000000008ab9000 nmethod 1379 0x0000000002935310 code [0x0000000002935480, 0x0000000002935a50]
Event: 33.864 Thread 0x0000000008ab9000 1381 % !         java.lang.ref.Finalizer$FinalizerThread::run @ 33 (55 bytes)
Event: 33.866 Thread 0x0000000008ab9000 nmethod 1381% 0x0000000002880210 code [0x0000000002880380, 0x00000000028804f8]
Event: 33.867 Thread 0x0000000008ab6800 nmethod 1380 0x0000000002939c10 code [0x0000000002939da0, 0x000000000293a4b0]
Event: 773.514 Thread 0x0000000008ab6800 1382             java.util.Calendar::setFieldsComputed (117 bytes)
Event: 773.519 Thread 0x0000000008ab6800 nmethod 1382 0x0000000002841d10 code [0x0000000002841e80, 0x00000000028420f8]
Event: 773.520 Thread 0x0000000008ab6800 1383             java.io.ObjectOutputStream$BlockDataOutputStream::getUTFLength (124 bytes)
Event: 773.520 Thread 0x0000000008ab9000 1384             java.io.ObjectOutputStream$BlockDataOutputStream::writeBytes (144 bytes)
Event: 773.526 Thread 0x0000000008ab9000 nmethod 1384 0x0000000002842410 code [0x0000000002842560, 0x0000000002842948]
Event: 773.527 Thread 0x0000000008ab6800 nmethod 1383 0x0000000002937610 code [0x0000000002937760, 0x0000000002937b78]

GC Heap History (10 events):
Event: 8.092 GC heap before
{Heap before GC invocations=4 (full 0):
 PSYoungGen      total 70656K, used 70628K [0x00000000eaa80000, 0x00000000f3480000, 0x0000000100000000)
  eden space 65536K, 100% used [0x00000000eaa80000,0x00000000eea80000,0x00000000eea80000)
  from space 5120K, 99% used [0x00000000eea80000,0x00000000eef790e0,0x00000000eef80000)
  to   space 5120K, 0% used [0x00000000f2f80000,0x00000000f2f80000,0x00000000f3480000)
 ParOldGen       total 84992K, used 8864K [0x00000000c0000000, 0x00000000c5300000, 0x00000000eaa80000)
  object space 84992K, 10% used [0x00000000c0000000,0x00000000c08a8340,0x00000000c5300000)
 PSPermGen       total 26624K, used 26577K [0x00000000b0000000, 0x00000000b1a00000, 0x00000000c0000000)
  object space 26624K, 99% used [0x00000000b0000000,0x00000000b19f44d8,0x00000000b1a00000)
Event: 8.114 GC heap after
Heap after GC invocations=4 (full 0):
 PSYoungGen      total 136192K, used 5092K [0x00000000eaa80000, 0x00000000f3480000, 0x0000000100000000)
  eden space 131072K, 0% used [0x00000000eaa80000,0x00000000eaa80000,0x00000000f2a80000)
  from space 5120K, 99% used [0x00000000f2f80000,0x00000000f3479020,0x00000000f3480000)
  to   space 5120K, 0% used [0x00000000f2a80000,0x00000000f2a80000,0x00000000f2f80000)
 ParOldGen       total 84992K, used 16047K [0x00000000c0000000, 0x00000000c5300000, 0x00000000eaa80000)
  object space 84992K, 18% used [0x00000000c0000000,0x00000000c0fabdb0,0x00000000c5300000)
 PSPermGen       total 26624K, used 26577K [0x00000000b0000000, 0x00000000b1a00000, 0x00000000c0000000)
  object space 26624K, 99% used [0x00000000b0000000,0x00000000b19f44d8,0x00000000b1a00000)
}
Event: 12.917 GC heap before
{Heap before GC invocations=5 (full 0):
 PSYoungGen      total 136192K, used 136164K [0x00000000eaa80000, 0x00000000f3480000, 0x0000000100000000)
  eden space 131072K, 100% used [0x00000000eaa80000,0x00000000f2a80000,0x00000000f2a80000)
  from space 5120K, 99% used [0x00000000f2f80000,0x00000000f3479020,0x00000000f3480000)
  to   space 5120K, 0% used [0x00000000f2a80000,0x00000000f2a80000,0x00000000f2f80000)
 ParOldGen       total 84992K, used 16047K [0x00000000c0000000, 0x00000000c5300000, 0x00000000eaa80000)
  object space 84992K, 18% used [0x00000000c0000000,0x00000000c0fabdb0,0x00000000c5300000)
 PSPermGen       total 33792K, used 33454K [0x00000000b0000000, 0x00000000b2100000, 0x00000000c0000000)
  object space 33792K, 98% used [0x00000000b0000000,0x00000000b20ab800,0x00000000b2100000)
Event: 12.939 GC heap after
Heap after GC invocations=5 (full 0):
 PSYoungGen      total 136192K, used 5108K [0x00000000eaa80000, 0x00000000fce80000, 0x0000000100000000)
  eden space 131072K, 0% used [0x00000000eaa80000,0x00000000eaa80000,0x00000000f2a80000)
  from space 5120K, 99% used [0x00000000f2a80000,0x00000000f2f7d030,0x00000000f2f80000)
  to   space 18432K, 0% used [0x00000000fbc80000,0x00000000fbc80000,0x00000000fce80000)
 ParOldGen       total 84992K, used 25373K [0x00000000c0000000, 0x00000000c5300000, 0x00000000eaa80000)
  object space 84992K, 29% used [0x00000000c0000000,0x00000000c18c75a0,0x00000000c5300000)
 PSPermGen       total 33792K, used 33454K [0x00000000b0000000, 0x00000000b2100000, 0x00000000c0000000)
  object space 33792K, 98% used [0x00000000b0000000,0x00000000b20ab800,0x00000000b2100000)
}
Event: 17.953 GC heap before
{Heap before GC invocations=6 (full 0):
 PSYoungGen      total 136192K, used 136180K [0x00000000eaa80000, 0x00000000fce80000, 0x0000000100000000)
  eden space 131072K, 100% used [0x00000000eaa80000,0x00000000f2a80000,0x00000000f2a80000)
  from space 5120K, 99% used [0x00000000f2a80000,0x00000000f2f7d030,0x00000000f2f80000)
  to   space 18432K, 0% used [0x00000000fbc80000,0x00000000fbc80000,0x00000000fce80000)
 ParOldGen       total 84992K, used 25373K [0x00000000c0000000, 0x00000000c5300000, 0x00000000eaa80000)
  object space 84992K, 29% used [0x00000000c0000000,0x00000000c18c75a0,0x00000000c5300000)
 PSPermGen       total 38912K, used 38571K [0x00000000b0000000, 0x00000000b2600000, 0x00000000c0000000)
  object space 38912K, 99% used [0x00000000b0000000,0x00000000b25aaed8,0x00000000b2600000)
Event: 18.063 GC heap after
Heap after GC invocations=6 (full 0):
 PSYoungGen      total 274944K, used 18402K [0x00000000eaa80000, 0x00000000fd980000, 0x0000000100000000)
  eden space 256512K, 0% used [0x00000000eaa80000,0x00000000eaa80000,0x00000000fa500000)
  from space 18432K, 99% used [0x00000000fbc80000,0x00000000fce789e0,0x00000000fce80000)
  to   space 24064K, 0% used [0x00000000fa500000,0x00000000fa500000,0x00000000fbc80000)
 ParOldGen       total 84992K, used 29624K [0x00000000c0000000, 0x00000000c5300000, 0x00000000eaa80000)
  object space 84992K, 34% used [0x00000000c0000000,0x00000000c1cee058,0x00000000c5300000)
 PSPermGen       total 38912K, used 38571K [0x00000000b0000000, 0x00000000b2600000, 0x00000000c0000000)
  object space 38912K, 99% used [0x00000000b0000000,0x00000000b25aaed8,0x00000000b2600000)
}
Event: 33.381 GC heap before
{Heap before GC invocations=7 (full 0):
 PSYoungGen      total 274944K, used 266365K [0x00000000eaa80000, 0x00000000fd980000, 0x0000000100000000)
  eden space 256512K, 96% used [0x00000000eaa80000,0x00000000f9ca6b70,0x00000000fa500000)
  from space 18432K, 99% used [0x00000000fbc80000,0x00000000fce789e0,0x00000000fce80000)
  to   space 24064K, 0% used [0x00000000fa500000,0x00000000fa500000,0x00000000fbc80000)
 ParOldGen       total 84992K, used 29624K [0x00000000c0000000, 0x00000000c5300000, 0x00000000eaa80000)
  object space 84992K, 34% used [0x00000000c0000000,0x00000000c1cee058,0x00000000c5300000)
 PSPermGen       total 49152K, used 48834K [0x00000000b0000000, 0x00000000b3000000, 0x00000000c0000000)
  object space 49152K, 99% used [0x00000000b0000000,0x00000000b2fb0930,0x00000000b3000000)
Event: 33.437 GC heap after
Heap after GC invocations=7 (full 0):
 PSYoungGen      total 280576K, used 24048K [0x00000000eaa80000, 0x00000000fe880000, 0x0000000100000000)
  eden space 256512K, 0% used [0x00000000eaa80000,0x00000000eaa80000,0x00000000fa500000)
  from space 24064K, 99% used [0x00000000fa500000,0x00000000fbc7c3a8,0x00000000fbc80000)
  to   space 31744K, 0% used [0x00000000fc980000,0x00000000fc980000,0x00000000fe880000)
 ParOldGen       total 84992K, used 36053K [0x00000000c0000000, 0x00000000c5300000, 0x00000000eaa80000)
  object space 84992K, 42% used [0x00000000c0000000,0x00000000c2335558,0x00000000c5300000)
 PSPermGen       total 49152K, used 48834K [0x00000000b0000000, 0x00000000b3000000, 0x00000000c0000000)
  object space 49152K, 99% used [0x00000000b0000000,0x00000000b2fb0930,0x00000000b3000000)
}
Event: 33.437 GC heap before
{Heap before GC invocations=8 (full 1):
 PSYoungGen      total 280576K, used 24048K [0x00000000eaa80000, 0x00000000fe880000, 0x0000000100000000)
  eden space 256512K, 0% used [0x00000000eaa80000,0x00000000eaa80000,0x00000000fa500000)
  from space 24064K, 99% used [0x00000000fa500000,0x00000000fbc7c3a8,0x00000000fbc80000)
  to   space 31744K, 0% used [0x00000000fc980000,0x00000000fc980000,0x00000000fe880000)
 ParOldGen       total 84992K, used 36053K [0x00000000c0000000, 0x00000000c5300000, 0x00000000eaa80000)
  object space 84992K, 42% used [0x00000000c0000000,0x00000000c2335558,0x00000000c5300000)
 PSPermGen       total 49152K, used 48834K [0x00000000b0000000, 0x00000000b3000000, 0x00000000c0000000)
  object space 49152K, 99% used [0x00000000b0000000,0x00000000b2fb0930,0x00000000b3000000)
Event: 33.829 GC heap after
Heap after GC invocations=8 (full 1):
 PSYoungGen      total 280576K, used 0K [0x00000000eaa80000, 0x00000000fe880000, 0x0000000100000000)
  eden space 256512K, 0% used [0x00000000eaa80000,0x00000000eaa80000,0x00000000fa500000)
  from space 24064K, 0% used [0x00000000fa500000,0x00000000fa500000,0x00000000fbc80000)
  to   space 31744K, 0% used [0x00000000fc980000,0x00000000fc980000,0x00000000fe880000)
 ParOldGen       total 84992K, used 48013K [0x00000000c0000000, 0x00000000c5300000, 0x00000000eaa80000)
  object space 84992K, 56% used [0x00000000c0000000,0x00000000c2ee3578,0x00000000c5300000)
 PSPermGen       total 97792K, used 48780K [0x00000000b0000000, 0x00000000b5f80000, 0x00000000c0000000)
  object space 97792K, 49% used [0x00000000b0000000,0x00000000b2fa3188,0x00000000b5f80000)
}

Deoptimization events (10 events):
Event: 33.371 Thread 0x000000000b809800 Uncommon trap: reason=bimorphic action=maybe_recompile pc=0x00000000027861b4 method=java.util.TreeMap.put(Ljava/lang/Object;Ljava/lang/Object;)Ljava/lang/Object; @ 68
Event: 33.371 Thread 0x000000000b809800 Uncommon trap: reason=bimorphic action=maybe_recompile pc=0x00000000027861b4 method=java.util.TreeMap.put(Ljava/lang/Object;Ljava/lang/Object;)Ljava/lang/Object; @ 68
Event: 33.833 Thread 0x000000000b9b1800 Uncommon trap: reason=bimorphic action=maybe_recompile pc=0x000000000267ca20 method=java.io.DataOutputStream.writeLong(J)V @ 108
Event: 33.858 Thread 0x000000000b6cf000 Uncommon trap: reason=unloaded action=reinterpret pc=0x000000000283041c method=com.esotericsoftware.kryo.io.Input.require(I)I @ 128
Event: 773.494 Thread 0x000000000aeae800 Uncommon trap: reason=bimorphic action=maybe_recompile pc=0x00000000024a6d38 method=java.util.HashMap.<init>(IF)V @ 115
Event: 773.495 Thread 0x000000000aeae800 Uncommon trap: reason=bimorphic action=maybe_recompile pc=0x0000000002517750 method=java.util.HashMap.<init>(IF)V @ 115
Event: 773.516 Thread 0x000000000e12b800 Uncommon trap: reason=bimorphic action=maybe_recompile pc=0x000000000267ca20 method=java.io.DataOutputStream.writeLong(J)V @ 108
Event: 773.528 Thread 0x000000000e12d000 Uncommon trap: reason=class_check action=maybe_recompile pc=0x00000000027de424 method=java.util.Formatter.format(Ljava/util/Locale;Ljava/lang/String;[Ljava/lang/Object;)Ljava/util/Formatter; @ 76
Event: 773.542 Thread 0x000000000e12d000 Uncommon trap: reason=null_check action=make_not_entrant pc=0x0000000002874a24 method=java.lang.StringCoding.deref(Ljava/lang/ThreadLocal;)Ljava/lang/Object; @ 4
Event: 773.542 Thread 0x000000000e12d000 Uncommon trap: reason=class_check action=maybe_recompile pc=0x0000000002529350 method=java.lang.StringBuilder.append(Ljava/lang/CharSequence;)Ljava/lang/StringBuilder; @ 8

Internal exceptions (10 events):
Event: 33.832 Thread 0x000000000b9b1800 Threw 0x00000000eae0a038 at C:\re\jdk7u79\2331\hotspot\src\share\vm\prims\jvm.cpp:1304
Event: 33.832 Thread 0x000000000b9b1800 Threw 0x00000000eae0a798 at C:\re\jdk7u79\2331\hotspot\src\share\vm\prims\jvm.cpp:1304
Event: 33.842 Thread 0x000000000b9b1800 Threw 0x00000000eae39348 at C:\re\jdk7u79\2331\hotspot\src\share\vm\prims\jni.cpp:1632
Event: 33.842 Thread 0x000000000b9b1800 Threw 0x00000000eae3a470 at C:\re\jdk7u79\2331\hotspot\src\share\vm\prims\jni.cpp:1632
Event: 33.843 Thread 0x000000000b9b1800 Threw 0x00000000eae42dc8 at C:\re\jdk7u79\2331\hotspot\src\share\vm\prims\jni.cpp:1632
Event: 33.844 Thread 0x000000000b9b1800 Threw 0x00000000eae4a998 at C:\re\jdk7u79\2331\hotspot\src\share\vm\prims\jni.cpp:1632
Event: 33.856 Thread 0x000000000b6cf000 Threw 0x00000000eb102ef0 at C:\re\jdk7u79\2331\hotspot\src\share\vm\prims\jvm.cpp:1304
Event: 33.856 Thread 0x000000000b6cf000 Threw 0x00000000eb103538 at C:\re\jdk7u79\2331\hotspot\src\share\vm\prims\jvm.cpp:1304
Event: 33.857 Thread 0x000000000b6cf000 Threw 0x00000000eb109ff0 at C:\re\jdk7u79\2331\hotspot\src\share\vm\prims\jni.cpp:1632
Event: 773.542 Thread 0x000000000e12d000 Implicit null exception at 0x00000000028748a0 to 0x0000000002874a19

Events (10 events):
Event: 773.528 Thread 0x000000000e12d000 Uncommon trap: trap_request=0xffffffde fr.pc=0x00000000027de424
Event: 773.528 Thread 0x000000000e12d000 DEOPT PACKING pc=0x00000000027de424 sp=0x000000000cfced60
Event: 773.528 Thread 0x000000000e12d000 DEOPT UNPACKING pc=0x0000000002469064 sp=0x000000000cfced60 mode 2
Event: 773.529 Thread 0x000000000e12d800 Thread added: 0x000000000e12d800
Event: 773.542 Thread 0x000000000e12d000 Uncommon trap: trap_request=0xfffffff4 fr.pc=0x0000000002874a24
Event: 773.542 Thread 0x000000000e12d000 DEOPT PACKING pc=0x0000000002874a24 sp=0x000000000cfcd9f0
Event: 773.542 Thread 0x000000000e12d000 DEOPT UNPACKING pc=0x0000000002469064 sp=0x000000000cfcd9b0 mode 2
Event: 773.542 Thread 0x000000000e12d000 Uncommon trap: trap_request=0xffffffde fr.pc=0x0000000002529350
Event: 773.542 Thread 0x000000000e12d000 DEOPT PACKING pc=0x0000000002529350 sp=0x000000000cfcd800
Event: 773.542 Thread 0x000000000e12d000 DEOPT UNPACKING pc=0x0000000002469064 sp=0x000000000cfcd7d8 mode 2


Dynamic libraries:
0x000000013ffc0000 - 0x000000013fff3000 	C:\Program Files\Java\jdk1.7.0_79\bin\java.exe
0x0000000077230000 - 0x00000000773db000 	C:\Windows\SYSTEM32\ntdll.dll
0x0000000077010000 - 0x000000007712f000 	C:\Windows\system32\kernel32.dll
0x000007fefd4f0000 - 0x000007fefd55b000 	C:\Windows\system32\KERNELBASE.dll
0x000007fefe8b0000 - 0x000007fefe98b000 	C:\Windows\system32\ADVAPI32.dll
0x000007feff400000 - 0x000007feff49f000 	C:\Windows\system32\msvcrt.dll
0x000007fefef20000 - 0x000007fefef3f000 	C:\Windows\SYSTEM32\sechost.dll
0x000007feff0c0000 - 0x000007feff1ee000 	C:\Windows\system32\RPCRT4.dll
0x0000000077130000 - 0x000000007722a000 	C:\Windows\system32\USER32.dll
0x000007feff340000 - 0x000007feff3a7000 	C:\Windows\system32\GDI32.dll
0x000007fefe690000 - 0x000007fefe69e000 	C:\Windows\system32\LPK.dll
0x000007feff1f0000 - 0x000007feff2ba000 	C:\Windows\system32\USP10.dll
0x000007fefcca0000 - 0x000007fefce94000 	C:\Windows\WinSxS\amd64_microsoft.windows.common-controls_6595b64144ccf1df_6.0.7600.16385_none_fa645303170382f6\COMCTL32.dll
0x000007fefd560000 - 0x000007fefd5d1000 	C:\Windows\system32\SHLWAPI.dll
0x000007feff510000 - 0x000007feff53e000 	C:\Windows\system32\IMM32.DLL
0x000007fefe990000 - 0x000007fefea99000 	C:\Windows\system32\MSCTF.dll
0x0000000074630000 - 0x0000000074702000 	C:\Program Files\Java\jdk1.7.0_79\jre\bin\msvcr100.dll
0x000000006a900000 - 0x000000006b0d5000 	C:\Program Files\Java\jdk1.7.0_79\jre\bin\server\jvm.dll
0x000007fef55b0000 - 0x000007fef55b9000 	C:\Windows\system32\WSOCK32.dll
0x000007feff4c0000 - 0x000007feff50d000 	C:\Windows\system32\WS2_32.dll
0x000007fefe680000 - 0x000007fefe688000 	C:\Windows\system32\NSI.dll
0x000007fef8800000 - 0x000007fef883b000 	C:\Windows\system32\WINMM.dll
0x00000000773f0000 - 0x00000000773f7000 	C:\Windows\system32\PSAPI.DLL
0x0000000074ac0000 - 0x0000000074acf000 	C:\Program Files\Java\jdk1.7.0_79\jre\bin\verify.dll
0x0000000074a90000 - 0x0000000074ab8000 	C:\Program Files\Java\jdk1.7.0_79\jre\bin\java.dll
0x0000000074a70000 - 0x0000000074a85000 	C:\Program Files\Java\jdk1.7.0_79\jre\bin\zip.dll
0x00000000749a0000 - 0x00000000749ba000 	C:\Program Files\Java\jdk1.7.0_79\jre\bin\net.dll
0x000007fefc6c0000 - 0x000007fefc714000 	C:\Windows\system32\mswsock.dll
0x000007fefc6b0000 - 0x000007fefc6b7000 	C:\Windows\System32\wship6.dll
0x0000000074a50000 - 0x0000000074a61000 	C:\Program Files\Java\jdk1.7.0_79\jre\bin\nio.dll
0x000007fef2ab0000 - 0x000007fef2ac2000 	C:\Users\admin\.gradle\native\19\windows-amd64\native-platform.dll
0x000007fefa660000 - 0x000007fefa687000 	C:\Windows\system32\IPHLPAPI.DLL
0x000007fefa640000 - 0x000007fefa64b000 	C:\Windows\system32\WINNSI.DLL
0x000007fefa570000 - 0x000007fefa581000 	C:\Windows\system32\dhcpcsvc6.DLL
0x000007fefa520000 - 0x000007fefa538000 	C:\Windows\system32\dhcpcsvc.DLL
0x000007fefc720000 - 0x000007fefc737000 	C:\Windows\system32\CRYPTSP.dll
0x000007fefc420000 - 0x000007fefc467000 	C:\Windows\system32\rsaenh.dll
0x000007fefc1d0000 - 0x000007fefc1ee000 	C:\Windows\system32\USERENV.dll
0x000007fefd190000 - 0x000007fefd19f000 	C:\Windows\system32\profapi.dll
0x000007fefd080000 - 0x000007fefd08f000 	C:\Windows\system32\CRYPTBASE.dll
0x000007fefd020000 - 0x000007fefd077000 	C:\Windows\system32\apphelp.dll
0x0000000074f40000 - 0x0000000074f4b000 	C:\Program Files\Java\jdk1.7.0_79\jre\bin\management.dll
0x000007fef7660000 - 0x000007fef7785000 	C:\Windows\system32\dbghelp.dll

VM Arguments:
jvm_args: -XX:MaxPermSize=256m -XX:+HeapDumpOnOutOfMemoryError -Xmx1024m -Dfile.encoding=windows-1252 -Duser.country=US -Duser.language=en -Duser.variant 
java_command: org.gradle.launcher.daemon.bootstrap.GradleDaemon 2.10
Launcher Type: SUN_STANDARD

Environment Variables:
PATH=C:\Windows\system32;C:\Windows;C:\Windows\System32\Wbem;C:\Windows\System32\WindowsPowerShell\v1.0\;C:\Program Files (x86)\Skype\Phone\
USERNAME=admin
OS=Windows_NT
PROCESSOR_IDENTIFIER=Intel64 Family 6 Model 37 Stepping 5, GenuineIntel



---------------  S Y S T E M  ---------------

OS: Windows 7 , 64 bit Build 7600 

CPU:total 4 (2 cores per cpu, 2 threads per core) family 6 model 37 stepping 5, cmov, cx8, fxsr, mmx, sse, sse2, sse3, ssse3, sse4.1, sse4.2, popcnt, ht, tsc, tscinvbit

Memory: 4k page, physical 8183288k(3213700k free), swap 16364680k(10571104k free)

vm_info: Java HotSpot(TM) 64-Bit Server VM (24.79-b02) for windows-amd64 JRE (1.7.0_79-b15), built on Apr 10 2015 12:36:16 by "java_re" with unknown MS VC++:1600

time: Thu Aug 04 20:03:47 2016
elapsed time: 773 seconds

